C51 COMPILER V9.56.0.0   MOTOR                                                             12/02/2017 12:37:10 PAGE 1   


C51 COMPILER V9.56.0.0, COMPILATION OF MODULE MOTOR
OBJECT MODULE PLACED IN .\Objects\motor.obj
COMPILER INVOKED BY: C:\Keil_8051\C51\BIN\C51.EXE motor.c OPTIMIZE(8,SPEED) BROWSE DEBUG OBJECTEXTEND PRINT(.\Listings\m
                    -otor.lst) TABS(2) OBJECT(.\Objects\motor.obj)

line level    source

   1          #include<reg51.h>
   2          sbit mc1=P3^1;
   3          sbit mc2=P3^2;
   4          void ms_delay( unsigned int time);
   5          void main()
   6          {
   7   1        while(1)
   8   1        {
   9   2      mc1=1;
  10   2      mc2=0;
  11   2      ms_delay(5000);
  12   2      mc1=0;
  13   2      mc2=1;
  14   2      ms_delay(5000); 
  15   2        }
  16   1      }
  17          
  18          void ms_delay( unsigned int time)
  19          {
  20   1        unsigned int i,j;
  21   1        //time X 1ms
  22   1        for(i=0;i<time;i++)
  23   1        {
  24   2          for(j=0;j<113;j++);  //1 ms
  25   2        }
  26   1      }


MODULE INFORMATION:   STATIC OVERLAYABLE
   CODE SIZE        =     56    ----
   CONSTANT SIZE    =   ----    ----
   XDATA SIZE       =   ----    ----
   PDATA SIZE       =   ----    ----
   DATA SIZE        =   ----    ----
   IDATA SIZE       =   ----    ----
   BIT SIZE         =   ----    ----
END OF MODULE INFORMATION.


C51 COMPILATION COMPLETE.  0 WARNING(S),  0 ERROR(S)
