C51 COMPILER V9.59.0.0   UNIPOLAR                                                          10/02/2019 19:24:32 PAGE 1   


C51 COMPILER V9.59.0.0, COMPILATION OF MODULE UNIPOLAR
OBJECT MODULE PLACED IN .\Objects\unipolar.obj
COMPILER INVOKED BY: C:\Keil_v5\C51\BIN\C51.EXE unipolar.c OPTIMIZE(8,SPEED) BROWSE DEBUG OBJECTEXTEND PRINT(.\Listings\
                    -unipolar.lst) TABS(2) OBJECT(.\Objects\unipolar.obj)

line level    source

   1          #include<reg52.h>
   2          
   3          void ms_delay( unsigned int time);
   4          
   5          void main()
   6          {
   7   1        
   8   1        while(1)
   9   1        {
  10   2        P2=0x08;  
  11   2        ms_delay(1000);// delay 1s
  12   2        P2=0x04; 
  13   2        ms_delay(1000);
  14   2        P2=0x02;  
  15   2        ms_delay(1000);// delay 1s
  16   2        P2=0x01; 
  17   2        ms_delay(1000);
  18   2      
  19   2        }
  20   1        
  21   1      }
  22          
  23          void ms_delay( unsigned int time)
  24          {
  25   1        unsigned int i,j;
  26   1        //time X 1ms
  27   1        for(i=0;i<time;i++)
  28   1        {
  29   2          for(j=0;j<113;j++);  //1 ms
  30   2        }
  31   1      }


MODULE INFORMATION:   STATIC OVERLAYABLE
   CODE SIZE        =     62    ----
   CONSTANT SIZE    =   ----    ----
   XDATA SIZE       =   ----    ----
   PDATA SIZE       =   ----    ----
   DATA SIZE        =   ----    ----
   IDATA SIZE       =   ----    ----
   BIT SIZE         =   ----    ----
END OF MODULE INFORMATION.


C51 COMPILATION COMPLETE.  0 WARNING(S),  0 ERROR(S)
