A51 MACRO ASSEMBLER  SEVEN_SEG                                                            12/02/2017 08:43:26 PAGE     1


MACRO ASSEMBLER A51 V8.2.5.0
OBJECT MODULE PLACED IN .\Objects\seven_seg.obj
ASSEMBLER INVOKED BY: C:\Keil_8051\C51\BIN\A51.EXE seven_seg.asm SET(SMALL) DEBUG PRINT(.\Listings\seven_seg.lst) OBJECT
                      (.\Objects\seven_seg.obj) EP

LOC  OBJ            LINE     SOURCE

0000                   1     ORG 0000H

                       2             

0000 7400              3         MOV A,#00H

0002 7D0A              4         AGAIN: MOV R5,#10 ;counter

0004 900500            5         MOV DPTR,#500H

0007 93                6         HERE: MOVC A,@A+DPTR

0008 F5B0              7         MOV P3,A

000A 120014            8         LCALL DELAY

000D A3                9         INC DPTR

000E 7400             10         MOV A,#00H

0010 DDF5             11         DJNZ R5,HERE

0012 80EE             12         SJMP AGAIN

                      13     

0014 7807             14     DELAY:      MOV R0,#07

0016 79FF             15                HERE3:MOV R1,#255

0018 7AFF             16                HERE2:MOV R2,#255

001A DAFE             17                HERE1:DJNZ R2,HERE1

001C D9FA             18                      DJNZ R1,HERE2

001E D8F6             19                      DJNZ R0,HERE3

0020 22               20                RET

                      21     

0500                  22     ORG 500H

0500 3F065B4F         23         DB 3FH,06H,5BH,4FH,66H,6DH,7DH,07H,7FH,67H ;common cathode

0504 666D7D07                
0508 7F67                    
                      24     

                      25     END

A51 MACRO ASSEMBLER  SEVEN_SEG                                                            12/02/2017 08:43:26 PAGE     2

SYMBOL TABLE LISTING
------ ----- -------


N A M E             T Y P E  V A L U E   ATTRIBUTES

AGAIN. . . . . . .  C ADDR   0002H   A   
DELAY. . . . . . .  C ADDR   0014H   A   
HERE . . . . . . .  C ADDR   0007H   A   
HERE1. . . . . . .  C ADDR   001AH   A   
HERE2. . . . . . .  C ADDR   0018H   A   
HERE3. . . . . . .  C ADDR   0016H   A   
P3 . . . . . . . .  D ADDR   00B0H   A   


REGISTER BANK(S) USED: 0 


ASSEMBLY COMPLETE.  0 WARNING(S), 0 ERROR(S)
