C51 COMPILER V9.56.0.0   RELAY                                                             12/02/2017 12:17:03 PAGE 1   


C51 COMPILER V9.56.0.0, COMPILATION OF MODULE RELAY
OBJECT MODULE PLACED IN .\Objects\relay.obj
COMPILER INVOKED BY: C:\Keil_8051\C51\BIN\C51.EXE relay.c OPTIMIZE(8,SPEED) BROWSE DEBUG OBJECTEXTEND PRINT(.\Listings\r
                    -elay.lst) TABS(2) OBJECT(.\Objects\relay.obj)

line level    source

   1          #include<reg51.h>
   2          
   3          sbit relay=P3^1;
   4          
   5          void ms_delay( unsigned int time);
   6          void main()
   7          {
   8   1      while(1)
   9   1      {
  10   2      relay=1;
  11   2      ms_delay(5000);
  12   2      relay=0;
  13   2      ms_delay(5000);
  14   2      }   
  15   1      }
  16          
  17          void ms_delay( unsigned int time)
  18          {
  19   1        unsigned int i,j;
  20   1        //time X 1ms
  21   1        for(i=0;i<time;i++)
  22   1        {
  23   2          for(j=0;j<113;j++);  //1 ms
  24   2        }
  25   1      }


MODULE INFORMATION:   STATIC OVERLAYABLE
   CODE SIZE        =     52    ----
   CONSTANT SIZE    =   ----    ----
   XDATA SIZE       =   ----    ----
   PDATA SIZE       =   ----    ----
   DATA SIZE        =   ----    ----
   IDATA SIZE       =   ----    ----
   BIT SIZE         =   ----    ----
END OF MODULE INFORMATION.


C51 COMPILATION COMPLETE.  0 WARNING(S),  0 ERROR(S)
