C51 COMPILER V9.59.0.0   UNIPOLAR                                                          10/02/2019 19:29:17 PAGE 1   


C51 COMPILER V9.59.0.0, COMPILATION OF MODULE UNIPOLAR
OBJECT MODULE PLACED IN .\Objects\unipolar.obj
COMPILER INVOKED BY: C:\Keil_v5\C51\BIN\C51.EXE unipolar.c OPTIMIZE(8,SPEED) BROWSE DEBUG OBJECTEXTEND PRINT(.\Listings\
                    -unipolar.lst) TABS(2) OBJECT(.\Objects\unipolar.obj)

line level    source

   1          
   2          #include<reg52.h>
   3          
   4          void ms_delay( unsigned int time);
   5          
   6          void main()
   7          {
   8   1        
   9   1        while(1)
  10   1        {
  11   2        P2=0x0C;  
  12   2        ms_delay(1000);// delay 1s
  13   2        P2=0x06; 
  14   2        ms_delay(1000);
  15   2        P2=0x03;  
  16   2        ms_delay(1000);// delay 1s
  17   2        P2=0x09; 
  18   2        ms_delay(1000);
  19   2      
  20   2        }
  21   1        
  22   1      }
  23          void ms_delay( unsigned int time)
  24          {
  25   1        unsigned int i,j;
  26   1        //time X 1ms
  27   1        for(i=0;i<time;i++)
  28   1        {
  29   2          for(j=0;j<113;j++);  //1 ms
  30   2        }
  31   1      }


MODULE INFORMATION:   STATIC OVERLAYABLE
   CODE SIZE        =     62    ----
   CONSTANT SIZE    =   ----    ----
   XDATA SIZE       =   ----    ----
   PDATA SIZE       =   ----    ----
   DATA SIZE        =   ----    ----
   IDATA SIZE       =   ----    ----
   BIT SIZE         =   ----    ----
END OF MODULE INFORMATION.


C51 COMPILATION COMPLETE.  0 WARNING(S),  0 ERROR(S)
