C51 COMPILER V9.59.0.0   BUZZER                                                            03/30/2019 10:44:20 PAGE 1   


C51 COMPILER V9.59.0.0, COMPILATION OF MODULE BUZZER
OBJECT MODULE PLACED IN .\Objects\buzzer.obj
COMPILER INVOKED BY: C:\Keil_v5\C51\BIN\C51.EXE buzzer.c OPTIMIZE(8,SPEED) BROWSE DEBUG OBJECTEXTEND PRINT(.\Listings\bu
                    -zzer.lst) TABS(2) OBJECT(.\Objects\buzzer.obj)

line level    source

   1          // Beep buzzer
   2          
   3          #include<reg52.h>
   4          
   5          sbit SW=P1^0;                  // Pushbutton
   6          sbit buzzer=P1^1;              // Buzzer
   7          
   8          void ms_delay( unsigned int time);
   9          
  10          void main()
  11          {
  12   1        SW = 1;
  13   1        buzzer = 0;
  14   1        
  15   1        while(1)
  16   1        {
  17   2          if (SW == 0)            // Beep buzzer 3 times
  18   2          {
  19   3            buzzer=1;  //on Buzzer
  20   3            ms_delay(1000);// delay 1s
  21   3            buzzer=0; // off Buzzer
  22   3            ms_delay(1000);
  23   3            buzzer=1;  //on Buzzer
  24   3            ms_delay(1000);// delay 1s
  25   3            buzzer=0; // off Buzzer
  26   3            ms_delay(1000);// delay 1s
  27   3            buzzer=1; // on Buzzer
  28   3            ms_delay(1000); // delay 1s
  29   3            buzzer=0; // off Buzzer
  30   3            ms_delay(1000); // delay 1s
  31   3          }
  32   2          else
  33   2          {
  34   3            buzzer=0; // off Buzzer
  35   3          }
  36   2        }
  37   1        
  38   1      }
  39          
  40          void ms_delay( unsigned int time)    //generation of delay
  41          {
  42   1        unsigned int i,j;
  43   1        //time X 1ms
  44   1        for(i=0;i<time;i++)
  45   1        {
  46   2          for(j=0;j<113;j++);  //1 ms
  47   2        }
  48   1      }


MODULE INFORMATION:   STATIC OVERLAYABLE
   CODE SIZE        =     75    ----
   CONSTANT SIZE    =   ----    ----
   XDATA SIZE       =   ----    ----
C51 COMPILER V9.59.0.0   BUZZER                                                            03/30/2019 10:44:20 PAGE 2   

   PDATA SIZE       =   ----    ----
   DATA SIZE        =   ----    ----
   IDATA SIZE       =   ----    ----
   BIT SIZE         =   ----    ----
END OF MODULE INFORMATION.


C51 COMPILATION COMPLETE.  0 WARNING(S),  0 ERROR(S)
