C51 COMPILER V9.56.0.0   LED                                                               12/02/2017 13:26:42 PAGE 1   


C51 COMPILER V9.56.0.0, COMPILATION OF MODULE LED
OBJECT MODULE PLACED IN .\Objects\led.obj
COMPILER INVOKED BY: C:\Keil_8051\C51\BIN\C51.EXE led.c OPTIMIZE(8,SPEED) BROWSE DEBUG OBJECTEXTEND PRINT(.\Listings\led
                    -.lst) TABS(2) OBJECT(.\Objects\led.obj)

line level    source

   1          // blink led P1
   2          
   3          #include<reg52.h>
   4          
   5          void ms_delay( unsigned int time);
   6          
   7          void main()
   8          {
   9   1        
  10   1        while(1)
  11   1        {
  12   2        P1=0x0ff;  //on led
  13   2        ms_delay(1000);// delay 1s
  14   2        P1=0x00; // off led
  15   2        ms_delay(1000);
  16   2        }
  17   1        
  18   1      }
  19          
  20          void ms_delay( unsigned int time)
  21          {
  22   1        unsigned int i,j;
  23   1        //time X 1ms
  24   1        for(i=0;i<time;i++)
  25   1        {
  26   2          for(j=0;j<113;j++);  //1 ms
  27   2        }
  28   1      }


MODULE INFORMATION:   STATIC OVERLAYABLE
   CODE SIZE        =     54    ----
   CONSTANT SIZE    =   ----    ----
   XDATA SIZE       =   ----    ----
   PDATA SIZE       =   ----    ----
   DATA SIZE        =   ----    ----
   IDATA SIZE       =   ----    ----
   BIT SIZE         =   ----    ----
END OF MODULE INFORMATION.


C51 COMPILATION COMPLETE.  0 WARNING(S),  0 ERROR(S)
