C51 COMPILER V9.59.0.0   UNIPOLAR                                                          10/02/2019 19:55:04 PAGE 1   


C51 COMPILER V9.59.0.0, COMPILATION OF MODULE UNIPOLAR
OBJECT MODULE PLACED IN .\Objects\unipolar.obj
COMPILER INVOKED BY: C:\Keil_v5\C51\BIN\C51.EXE unipolar.c OPTIMIZE(8,SPEED) BROWSE DEBUG OBJECTEXTEND PRINT(.\Listings\
                    -unipolar.lst) TABS(2) OBJECT(.\Objects\unipolar.obj)

line level    source

   1          #include<reg52.h>
   2          void ms_delay( unsigned int time);
   3          void main()
   4          {
   5   1        while(1)
   6   1        {
   7   2        P2=0x08;  
   8   2        ms_delay(1000);// delay 1s
   9   2        P2=0x0C; 
  10   2        ms_delay(1000);
  11   2        P2=0x04;  
  12   2        ms_delay(1000);// delay 1s
  13   2        P2=0x06; 
  14   2        ms_delay(1000);
  15   2        P2=0x02;  
  16   2        ms_delay(1000);// delay 1s
  17   2        P2=0x03; 
  18   2        ms_delay(1000);
  19   2        P2=0x01;  
  20   2        ms_delay(1000);// delay 1s
  21   2        P2=0x09; 
  22   2        ms_delay(1000);
  23   2        }
  24   1      }
  25          void ms_delay( unsigned int time)
  26          {
  27   1        unsigned int i,j;
  28   1        //time X 1ms
  29   1        for(i=0;i<time;i++)
  30   1        {
  31   2          for(j=0;j<113;j++);  //1 ms
  32   2        }
  33   1      }


MODULE INFORMATION:   STATIC OVERLAYABLE
   CODE SIZE        =     86    ----
   CONSTANT SIZE    =   ----    ----
   XDATA SIZE       =   ----    ----
   PDATA SIZE       =   ----    ----
   DATA SIZE        =   ----    ----
   IDATA SIZE       =   ----    ----
   BIT SIZE         =   ----    ----
END OF MODULE INFORMATION.


C51 COMPILATION COMPLETE.  0 WARNING(S),  0 ERROR(S)
