C51 COMPILER V9.59.0.0   COUNTER                                                           06/06/2020 10:52:36 PAGE 1   


C51 COMPILER V9.59.0.0, COMPILATION OF MODULE COUNTER
OBJECT MODULE PLACED IN .\Objects\counter.obj
COMPILER INVOKED BY: C:\Keil_v5\C51\BIN\C51.EXE counter.c OPTIMIZE(8,SPEED) BROWSE DEBUG OBJECTEXTEND PRINT(.\Listings\c
                    -ounter.lst) TABS(2) OBJECT(.\Objects\counter.obj)

line level    source

   1          #include<reg52.h>
   2          
   3          sbit count_T0=P3^4;
   4          
   5          sbit RS=P2^0;
   6          sbit RW=P2^1;
   7          sbit E=P2^2;
   8          
   9          void send_command(unsigned int command_value ) ;
  10          void send_data(unsigned int data_value) ;
  11          void ms_delay( unsigned int time);
  12          unsigned char i;
  13          unsigned int cnt_val;
  14          void main()
  15          {
  16   1          
  17   1      //LCD INITIALIZATION
  18   1      
  19   1      //2 lines and 5x7 matrix
  20   1      send_command(0x38);
  21   1      
  22   1      //display on cursor blink
  23   1      send_command(0x0E);
  24   1        
  25   1      //clear display screen
  26   1      send_command(0X01);
  27   1      
  28   1      // counter initialization
  29   1      TMOD=0X06; //counter 0, mode 2, 8 bit mode
  30   1      count_T0=1; // p3.4 input pin
  31   1        
  32   1      while(1)
  33   1      {
  34   2        
  35   2      TH0=0x00;
  36   2      TL0=0x00; // count value initialize
  37   2        
  38   2      TR0=1; //counter 0 on
  39   2      
  40   2      while(!TF0) // monitoring TF0 flag
  41   2      {
  42   3        send_command(0x80)  ; // force cursor on 1st line and 1st col 
  43   3        
  44   3        cnt_val = TL0;  
  45   3        
  46   3        i = cnt_val/10; //Get the Ten's place
  47   3        //   i + 0x30;      // Convert it to ASCII
  48   3        send_data(i + 0x30);      //Display Tens place
  49   3          
  50   3        i = cnt_val%10 ;      //Get the unit place
  51   3        //   i + 0x30;      // Convert it to ASCII
  52   3        send_data(i + 0x30);  //Display unit place
  53   3        
  54   3        if (cnt_val == 100)   // restricting count 00 to 99
C51 COMPILER V9.59.0.0   COUNTER                                                           06/06/2020 10:52:36 PAGE 2   

  55   3        {
  56   4          break;
  57   4        }
  58   3      }
  59   2      
  60   2      TF0=0;  //reset flag
  61   2      TR0=0; //off counter 
  62   2      }
  63   1      
  64   1      }
  65          
  66          
  67          
  68          void send_command(unsigned int command_value ) //send command to LCD
  69          {
  70   1        P1=command_value;
  71   1        RW=0;
  72   1        RS=0;
  73   1        E=1;
  74   1        ms_delay(10);
  75   1        E=0;
  76   1      } 
  77          
  78          void send_data(unsigned int data_value) // send data to LCD
  79          {
  80   1        P1=data_value;
  81   1        RW=0;
  82   1        RS=1;
  83   1        E=1;
  84   1        ms_delay(10);
  85   1        E=0;
  86   1      }
  87          
  88          void ms_delay( unsigned int time)   // delay generation
  89          {
  90   1        unsigned int i,j;
  91   1        //time X 1ms
  92   1        for(i=0;i<time;i++)
  93   1        {
  94   2          for(j=0;j<113;j++);  //1 ms
  95   2        }
  96   1      }
  97          
  98          


MODULE INFORMATION:   STATIC OVERLAYABLE
   CODE SIZE        =    165    ----
   CONSTANT SIZE    =   ----    ----
   XDATA SIZE       =   ----    ----
   PDATA SIZE       =   ----    ----
   DATA SIZE        =      3    ----
   IDATA SIZE       =   ----    ----
   BIT SIZE         =   ----    ----
END OF MODULE INFORMATION.


C51 COMPILATION COMPLETE.  0 WARNING(S),  0 ERROR(S)
