C51 COMPILER V9.56.0.0   SERIAL                                                            12/02/2017 14:09:18 PAGE 1   


C51 COMPILER V9.56.0.0, COMPILATION OF MODULE SERIAL
OBJECT MODULE PLACED IN .\Objects\serial.obj
COMPILER INVOKED BY: C:\Keil_8051\C51\BIN\C51.EXE serial.c OPTIMIZE(8,SPEED) BROWSE DEBUG OBJECTEXTEND PRINT(.\Listings\
                    -serial.lst) TABS(2) OBJECT(.\Objects\serial.obj)

line level    source

   1          #include <reg52.h>
   2          
   3          void main()
   4          {
   5   1      TMOD = 0x20;         // timer1 mode2
   6   1      
   7   1      SCON=0x50 ;          // mode1 ren
   8   1      
   9   1      TH1=0x0FD  ;        //9600 baud rate
  10   1      
  11   1      TR1=1; //on timer1 
  12   1      
  13   1      //tx 
  14   1      while(1)
  15   1      {
  16   2      SBUF ='L';
  17   2      while(!TI);
  18   2      TI=0;
  19   2        
  20   2      SBUF ='A';
  21   2      while(!TI);
  22   2      TI=0;
  23   2        
  24   2      SBUF ='B';
  25   2      while(!TI);
  26   2      TI=0;
  27   2        
  28   2      
  29   2      //rx
  30   2      while(!RI);
  31   2      P1=SBUF;
  32   2      RI=0;
  33   2        
  34   2      while(!RI);
  35   2      P1=SBUF;
  36   2      RI=0;
  37   2      
  38   2      }
  39   1        
  40   1      }
  41                                                                                                                                                                                                                              
             -                    
  42                                                                                                                                                                                                                              
             -                    


MODULE INFORMATION:   STATIC OVERLAYABLE
   CODE SIZE        =     53    ----
   CONSTANT SIZE    =   ----    ----
   XDATA SIZE       =   ----    ----
   PDATA SIZE       =   ----    ----
   DATA SIZE        =   ----    ----
   IDATA SIZE       =   ----    ----
   BIT SIZE         =   ----    ----
C51 COMPILER V9.56.0.0   SERIAL                                                            12/02/2017 14:09:18 PAGE 2   

END OF MODULE INFORMATION.


C51 COMPILATION COMPLETE.  0 WARNING(S),  0 ERROR(S)
