C51 COMPILER V9.56.0.0   SEVEN_SEG                                                         12/02/2017 09:22:28 PAGE 1   


C51 COMPILER V9.56.0.0, COMPILATION OF MODULE SEVEN_SEG
OBJECT MODULE PLACED IN .\Objects\seven_seg.obj
COMPILER INVOKED BY: C:\Keil_8051\C51\BIN\C51.EXE seven_seg.c OPTIMIZE(8,SPEED) BROWSE DEBUG OBJECTEXTEND PRINT(.\Listin
                    -gs\seven_seg.lst) TABS(2) OBJECT(.\Objects\seven_seg.obj)

line level    source

   1          #include<reg51.h>
   2          
   3          void ms_delay( unsigned int time);
   4          
   5          void main()
   6          {
   7   1        char DB[]={0x3F,0x06,0x5B,0x4F,0x66,0x6D,0x7D,0x07,0x7F,0x67}; //common cathode
   8   1        unsigned char i;
   9   1        while(1)
  10   1        {
  11   2        for(i=0;i<10;i++)
  12   2        {
  13   3          P3=DB[i];
  14   3          ms_delay(1000);
  15   3        }
  16   2        }
  17   1      }
  18          void ms_delay( unsigned int time)
  19          {
  20   1        unsigned int i,j;
  21   1        //time X 1ms
  22   1        for(i=0;i<time;i++)
  23   1        {
  24   2          for(j=0;j<113;j++);  //1 ms
  25   2        }
  26   1      }


MODULE INFORMATION:   STATIC OVERLAYABLE
   CODE SIZE        =     80    ----
   CONSTANT SIZE    =     10    ----
   XDATA SIZE       =   ----    ----
   PDATA SIZE       =   ----    ----
   DATA SIZE        =   ----      11
   IDATA SIZE       =   ----    ----
   BIT SIZE         =   ----    ----
END OF MODULE INFORMATION.


C51 COMPILATION COMPLETE.  0 WARNING(S),  0 ERROR(S)
